<?xml version="1.0" encoding="UTF-8"?>
<!-- Generated by org.testng.reporters.JUnitReportReporter -->
<testsuite hostname="DESKTOP-NV05D01" failures="0" tests="1" name="Sandwitch.Exceldashboarddata" time="1.558" errors="0" timestamp="2022-09-13T15:47:51 IST" skipped="0">
  <testcase classname="Sandwitch.Exceldashboarddata" name="excel" time="1.558"/>
  <system-out/>
</testsuite> <!-- Sandwitch.Exceldashboarddata -->
