<?xml version="1.0" encoding="UTF-8"?>
<!-- Generated by org.testng.reporters.JUnitReportReporter -->
<testsuite hostname="DESKTOP-NV05D01" failures="0" tests="1" name="Sandwitch.CoCDashboardData" time="70.745" errors="0" timestamp="2022-09-14T16:42:37 IST" skipped="0">
  <testcase classname="Sandwitch.CoCDashboardData" name="ui" time="70.745"/>
  <system-out/>
</testsuite> <!-- Sandwitch.CoCDashboardData -->
