<?xml version="1.0" encoding="UTF-8"?>
<!-- Generated by org.testng.reporters.JUnitReportReporter -->
<testsuite hostname="DESKTOP-NV05D01" failures="0" tests="1" name="CoC.ExcelDashboardData" time="1.707" errors="0" timestamp="2022-09-14T13:43:00 IST" skipped="0">
  <testcase classname="CoC.ExcelDashboardData" name="excel" time="1.707"/>
  <system-out/>
</testsuite> <!-- CoC.ExcelDashboardData -->
