<?xml version="1.0" encoding="UTF-8"?>
<!-- Generated by org.testng.reporters.JUnitReportReporter -->
<testsuite hostname="DESKTOP-NV05D01" failures="0" tests="1" name="CoC.Comparision" time="26.377" errors="0" timestamp="2022-09-14T18:10:03 IST" skipped="0">
  <testcase classname="CoC.Comparision" name="compareData" time="26.377"/>
  <system-out/>
</testsuite> <!-- CoC.Comparision -->
